#
# A fatal error has been detected by the Java Runtime Environment:
#
#  SIGSEGV (0xb) at pc=0x00007fa89d6f3300, pid=21866, tid=21884
#
# JRE version: OpenJDK Runtime Environment (20.0.1+9) (build 20.0.1+9)
# Java VM: OpenJDK 64-Bit Server VM (20.0.1+9, mixed mode, sharing, tiered, compressed oops, compressed class ptrs, g1 gc, linux-amd64)
# Problematic frame:
# V  [libjvm.so+0x8f3300]
#
# Core dump will be written. Default location: Core dumps may be processed with "/usr/lib/systemd/systemd-coredump %P %u %g %s %t %c %h" (or dumping to /home/tristan/FAC/L2/POA/Projet/PAKITO/core.21866)
#
# If you would like to submit a bug report, please visit:
#   https://bugreport.java.com/bugreport/crash.jsp
#

---------------  S U M M A R Y ------------

Command Line: -agentlib:jdwp=transport=dt_socket,server=n,suspend=y,address=localhost:42167 --enable-preview -XX:+ShowCodeDetailsInExceptionMessages --module-path=/home/tristan/.config/Code - OSS/User/workspaceStorage/f51b15676f5330507229d87801c5e805/redhat.java/jdt_ws/PAKITO_e8fe3ab5/bin -Djdk.module.main=PAKITO PAKITO/PAKITO.Main

Host: Intel(R) Core(TM) i5-7300HQ CPU @ 2.50GHz, 4 cores, 19G, Arch Linux
Time: Fri May 12 20:41:23 2023 CEST elapsed time: 0.281027 seconds (0d 0h 0m 0s)

---------------  T H R E A D  ---------------

Current thread (0x00007fa8981b0b00):  JavaThread "JDWP Transport Listener: dt_socket" daemon [_thread_in_vm, id=21884, stack(0x00007fa8787ab000,0x00007fa8788ab000)] _threads_hazard_ptr=0x00007fa8981b3d10

Stack: [0x00007fa8787ab000,0x00007fa8788ab000],  sp=0x00007fa8788a9918,  free space=1018k
Native frames: (J=compiled Java code, j=interpreted, Vv=VM code, C=native code)
V  [libjvm.so+0x8f3300]
V  [libjvm.so+0xa89a93]
C  [libjdwp.so+0xca3a]
C  [libjdwp.so+0x14783]
C  [libjdwp.so+0x29678]
V  [libjvm.so+0xb01ac2]
V  [libjvm.so+0x9054ed]
V  [libjvm.so+0xf66088]
V  [libjvm.so+0xce977d]

siginfo: si_signo: 11 (SIGSEGV), si_code: 1 (SEGV_MAPERR), si_addr: 0x000000000000000c

Registers:
RAX=0x000000000000000c, RBX=0x00007fa8981aee20, RCX=0x0000000000000000, RDX=0x0000000000000000
RSP=0x00007fa8788a9918, RBP=0x00007fa8788a9a60, RSI=0x0000000000000044, RDI=0x00000006dc6295e8
R8 =0x00007fa828001740, R9 =0x0000000000000000, R10=0x0000000000000000, R11=0xd1f9e595e1ddc8bc
R12=0x00007fa8788a9ae0, R13=0x00007fa8981b1110, R14=0x0000000000000000, R15=0x00007fa8981b0b00
RIP=0x00007fa89d6f3300, EFLAGS=0x0000000000010246, CSGSFS=0x002b000000000033, ERR=0x0000000000000004
  TRAPNO=0x000000000000000e


Register to memory mapping:

RAX=0x000000000000000c is an unknown value
RBX=0x00007fa8981aee20 points into unknown readable memory: 0x00007fa898000102 | 02 01 00 98 a8 7f 00 00
RCX=0x0 is NULL
RDX=0x0 is NULL
RSP=0x00007fa8788a9918 is pointing into the stack for thread: 0x00007fa8981b0b00
RBP=0x00007fa8788a9a60 is pointing into the stack for thread: 0x00007fa8981b0b00
RSI=0x0000000000000044 is an unknown value
RDI=0x00000006dc6295e8 is an oop: java.lang.Thread 
{0x00000006dc6295e8} - klass: 'java/lang/Thread'
 - ---- fields (total size 14 words):
 - 'threadLocalRandomProbe' 'I' @12  0 (0x00000000)
 - private 'eetop' 'J' @16  140362081472640 (0x00007fa898019080)
 - private final 'tid' 'J' @24  0 (0x0000000000000000)
 - 'threadLocalRandomSeed' 'J' @32  0 (0x0000000000000000)
 - abstract internal 'jvmti_thread_state' 'J' @40  0 (0x0000000000000000)
 - 'threadLocalRandomSecondarySeed' 'I' @48  0 (0x00000000)
 - abstract internal 'jfr_epoch' 'S' @52  0 (0x0000)
 - volatile 'interrupted' 'Z' @54  false (0x00)
 - private volatile 'name' 'Ljava/lang/String;' @56  NULL (0x00000000)
 - private volatile 'contextClassLoader' 'Ljava/lang/ClassLoader;' @60  NULL (0x00000000)
 - private 'inheritedAccessControlContext' 'Ljava/security/AccessControlContext;' @64  NULL (0x00000000)
 - private final 'holder' 'Ljava/lang/Thread$FieldHolder;' @68  NULL (0x00000000)
 - 'threadLocals' 'Ljava/lang/ThreadLocal$ThreadLocalMap;' @72  NULL (0x00000000)
 - 'inheritableThreadLocals' 'Ljava/lang/ThreadLocal$ThreadLocalMap;' @76  NULL (0x00000000)
 - private 'scopedValueBindings' 'Ljava/lang/Object;' @80  a 'java/lang/Class'{0x00000007ffb00fc8} = 'java/lang/Thread' (0xfff601f9)
 - final 'interruptLock' 'Ljava/lang/Object;' @84  a 'java/lang/Object'{0x00000006dc629690} (0xdb8c52d2)
 - private volatile 'parkBlocker' 'Ljava/lang/Object;' @88  NULL (0x00000000)
 - volatile 'nioBlocker' 'Lsun/nio/ch/Interruptible;' @92  NULL (0x00000000)
 - private 'cont' 'Ljdk/internal/vm/Continuation;' @96  NULL (0x00000000)
 - private volatile 'uncaughtExceptionHandler' 'Ljava/lang/Thread$UncaughtExceptionHandler;' @100  NULL (0x00000000)
 - private volatile 'container' 'Ljdk/internal/vm/ThreadContainer;' @104  NULL (0x00000000)
 - private volatile 'headStackableScopes' 'Ljdk/internal/vm/StackableScope;' @108  NULL (0x00000000)
R8 =0x00007fa828001740 points into unknown readable memory: 0x00007fafd2829711 | 11 97 82 d2 af 7f 00 00
R9 =0x0 is NULL
R10=0x0 is NULL
R11=0xd1f9e595e1ddc8bc is an unknown value
R12=0x00007fa8788a9ae0 is pointing into the stack for thread: 0x00007fa8981b0b00
R13=0x00007fa8981b1110 points into unknown readable memory: 0x00000006dc6295e8 | e8 95 62 dc 06 00 00 00
R14=0x0 is NULL
R15=0x00007fa8981b0b00 is a thread


Top of Stack: (sp=0x00007fa8788a9918)
0x00007fa8788a9918:   00007fa89d8d7942 00007fa8000000cb
0x00007fa8788a9928:   00000000000003d8 00007fa838000eb0
0x00007fa8788a9938:   00007fa838000ec0 00007fa8980c5a70
0x00007fa8788a9948:   00007fa838001298 0000000000000000
0x00007fa8788a9958:   00007fa8788a99b0 00007fa8788a999b
0x00007fa8788a9968:   00007fa8788a99f0 00007fa838000eb0
0x00007fa8788a9978:   00007fa838000ec0 0000000000000000
0x00007fa8788a9988:   00007fa898000c10 00007fa8788a99c0
0x00007fa8788a9998:   00007fa8007c2d4d 00007fa898019080
0x00007fa8788a99a8:   00000006dc6295e8 00007fa8981b0b00
0x00007fa8788a99b8:   00007fa8981aee60 00007fa8981b1100
0x00007fa8788a99c8:   00007fa8981b1110 00007fa8981b11e8
0x00007fa8788a99d8:   00000000000000d8 00007fa8788a9dd0
0x00007fa8788a99e8:   00007fa8981b0de0 0000000000000000
0x00007fa8788a99f8:   00007fa8981b0b00 00007fa8981b3d10
0x00007fa8788a9a08:   00007fa898180101 0000000000000000
0x00007fa8788a9a18:   00007fa8981b0dc0 00007fa8788a9a00
0x00007fa8788a9a28:   1ad5fa97d01ad000 00007fa8788a9a50
0x00007fa8788a9a38:   00007fa8981b0b00 00007fa898000c10
0x00007fa8788a9a48:   00007fa8788a9ae0 00007fa8980d3048
0x00007fa8788a9a58:   0000000000000064 00007fa8788a9ad0
0x00007fa8788a9a68:   00007fa89d889a93 00007fa8788a9aa0
0x00007fa8788a9a78:   00007fa8788a9a80 00007fa8981b0b00
0x00007fa8788a9a88:   0000000000000000 00007fa800000000
0x00007fa8788a9a98:   0000000000000000 00007fa8980d3048
0x00007fa8788a9aa8:   00007fa89cd12200 00007fa8981b0de0
0x00007fa8788a9ab8:   00007fa8788a9ba0 00007fa8980d3048
0x00007fa8788a9ac8:   00007fa89cd12200 00007fa8788a9b20
0x00007fa8788a9ad8:   00007fa89ccdaa3a 0000000000000000
0x00007fa8788a9ae8:   0000000000000000 0000000000000000
0x00007fa8788a9af8:   0000000000000000 00007fa8788a9ba0
0x00007fa8788a9b08:   00007fa8788a9b70 000000000000000b 

Instructions: (pc=0x00007fa89d6f3300)
0x00007fa89d6f3200:   f3 0f 1e fa 48 89 f2 8b 35 ef 48 b4 00 e9 ce d6
0x00007fa89d6f3210:   3d 00 90 90 66 66 2e 0f 1f 84 00 00 00 00 00 90
0x00007fa89d6f3220:   f3 0f 1e fa 48 63 35 bd 48 b4 00 31 d2 ff 25 75
0x00007fa89d6f3230:   9c af 00 90 66 66 2e 0f 1f 84 00 00 00 00 00 90
0x00007fa89d6f3240:   f3 0f 1e fa 48 63 35 c5 48 b4 00 ff 25 4f 99 af
0x00007fa89d6f3250:   00 90 66 66 2e 0f 1f 84 00 00 00 00 00 0f 1f 00
0x00007fa89d6f3260:   f3 0f 1e fa 48 63 05 8d 48 b4 00 48 01 c7 0f b6
0x00007fa89d6f3270:   07 84 c0 0f 95 c0 c3 90 0f 1f 84 00 00 00 00 00
0x00007fa89d6f3280:   f3 0f 1e fa 48 63 05 6d 48 b4 00 48 01 c7 40 86
0x00007fa89d6f3290:   37 c3 66 66 2e 0f 1f 84 00 00 00 00 00 0f 1f 00
0x00007fa89d6f32a0:   f3 0f 1e fa 48 63 35 61 48 b4 00 ff 25 ef 98 af
0x00007fa89d6f32b0:   00 90 66 66 2e 0f 1f 84 00 00 00 00 00 0f 1f 00
0x00007fa89d6f32c0:   f3 0f 1e fa 48 89 f2 48 63 35 3e 48 b4 00 ff 25
0x00007fa89d6f32d0:   d4 9b af 00 66 66 2e 0f 1f 84 00 00 00 00 00 90
0x00007fa89d6f32e0:   f3 0f 1e fa 55 48 63 35 24 48 b4 00 48 89 e5 ff
0x00007fa89d6f32f0:   15 ab 98 af 00 5d 48 89 c2 48 63 05 28 48 b4 00
0x00007fa89d6f3300:   8b 04 02 c3 66 66 2e 0f 1f 84 00 00 00 00 00 90
0x00007fa89d6f3310:   f3 0f 1e fa 55 48 89 e5 53 89 f3 48 83 ec 08 48
0x00007fa89d6f3320:   63 35 ea 47 b4 00 ff 15 74 98 af 00 48 89 c2 48
0x00007fa89d6f3330:   63 05 f2 47 b4 00 89 1c 02 48 8b 5d f8 c9 c3 90
0x00007fa89d6f3340:   f3 0f 1e fa 55 48 63 35 c4 47 b4 00 48 89 e5 ff
0x00007fa89d6f3350:   15 4b 98 af 00 48 63 35 d0 47 b4 00 5d 48 89 c7
0x00007fa89d6f3360:   ff 25 3a 98 af 00 66 2e 0f 1f 84 00 00 00 00 00
0x00007fa89d6f3370:   f3 0f 1e fa 55 8b 35 85 47 b4 00 48 89 e5 67 e8
0x00007fa89d6f3380:   3c d5 3d 00 5d 48 85 c0 0f 95 c0 c3 0f 1f 40 00
0x00007fa89d6f3390:   f3 0f 1e fa 55 48 63 35 74 47 b4 00 48 89 e5 ff
0x00007fa89d6f33a0:   15 fb 97 af 00 5d 48 89 c2 48 63 05 70 47 b4 00
0x00007fa89d6f33b0:   80 3c 02 00 0f 95 c0 c3 0f 1f 84 00 00 00 00 00
0x00007fa89d6f33c0:   f3 0f 1e fa 55 48 63 35 44 47 b4 00 48 89 e5 ff
0x00007fa89d6f33d0:   15 cb 97 af 00 48 89 c2 48 63 05 41 47 b4 00 c6
0x00007fa89d6f33e0:   04 02 01 5d c3 90 66 2e 0f 1f 84 00 00 00 00 00
0x00007fa89d6f33f0:   f3 0f 1e fa 48 63 35 0d 47 b4 00 ff 25 9f 97 af 


Stack slot to memory mapping:
stack at sp + 0 slots: 0x00007fa89d8d7942: <offset 0x0000000000ad7942> in /usr/lib/jvm/java-20-openjdk/lib/server/libjvm.so at 0x00007fa89ce00000
stack at sp + 1 slots: 0x00007fa8000000cb is an unknown value
stack at sp + 2 slots: 0x00000000000003d8 is an unknown value
stack at sp + 3 slots: 0x00007fa838000eb0 points into unknown readable memory: 0x0000000000000000 | 00 00 00 00 00 00 00 00
stack at sp + 4 slots: 0x00007fa838000ec0 points into unknown readable memory: 0x6e616c2e6176616a | 6a 61 76 61 2e 6c 61 6e
stack at sp + 5 slots: 0x00007fa8980c5a70 points into unknown readable memory: 0x0000000000000000 | 00 00 00 00 00 00 00 00
stack at sp + 6 slots: 0x00007fa838001298 points into unknown readable memory: 0x0000000000007ff5 | f5 7f 00 00 00 00 00 00
stack at sp + 7 slots: 0x0 is NULL


---------------  P R O C E S S  ---------------

Threads class SMR info:
_java_thread_list=0x00007fa8981b3d10, length=13, elements={
0x00007fa8980da0d0, 0x00007fa8980db630, 0x00007fa8980dcfc0, 0x00007fa8980de450,
0x00007fa8980df8d0, 0x00007fa8980e12f0, 0x00007fa8980e2890, 0x00007fa8981273a0,
0x00007fa8981b0b00, 0x00007fa8981b2260, 0x00007fa830001110, 0x00007fa8981b3290,
0x00007fa898019080
}

Java Threads: ( => current thread )
  0x00007fa8980da0d0 JavaThread "Reference Handler" daemon [_thread_blocked, id=21874, stack(0x00007fa87933b000,0x00007fa87943b000)]
  0x00007fa8980db630 JavaThread "Finalizer" daemon [_thread_blocked, id=21875, stack(0x00007fa878f00000,0x00007fa879000000)]
  0x00007fa8980dcfc0 JavaThread "Signal Dispatcher" daemon [_thread_blocked, id=21876, stack(0x00007fa878e00000,0x00007fa878f00000)]
  0x00007fa8980de450 JavaThread "Service Thread" daemon [_thread_blocked, id=21877, stack(0x00007fa878d00000,0x00007fa878e00000)]
  0x00007fa8980df8d0 JavaThread "Monitor Deflation Thread" daemon [_thread_blocked, id=21878, stack(0x00007fa878c00000,0x00007fa878d00000)]
  0x00007fa8980e12f0 JavaThread "C2 CompilerThread0" daemon [_thread_blocked, id=21879, stack(0x00007fa878b00000,0x00007fa878c00000)]
  0x00007fa8980e2890 JavaThread "C1 CompilerThread0" daemon [_thread_blocked, id=21880, stack(0x00007fa878a00000,0x00007fa878b00000)]
  0x00007fa8981273a0 JavaThread "Common-Cleaner" daemon [_thread_blocked, id=21881, stack(0x00007fa878900000,0x00007fa878a00000)]
=>0x00007fa8981b0b00 JavaThread "JDWP Transport Listener: dt_socket" daemon [_thread_in_vm, id=21884, stack(0x00007fa8787ab000,0x00007fa8788ab000)]
  0x00007fa8981b2260 JavaThread "JDWP Event Helper Thread" daemon [_thread_blocked, id=21886, stack(0x00007fa8786ab000,0x00007fa8787ab000)]
  0x00007fa830001110 JavaThread "JDWP Command Reader" daemon [_thread_in_native, id=21887, stack(0x00007fa8785ab000,0x00007fa8786ab000)]
  0x00007fa8981b3290 JavaThread "Notification Thread" daemon [_thread_blocked, id=21890, stack(0x00007fa8784ab000,0x00007fa8785ab000)]
  0x00007fa898019080 JavaThread "DestroyJavaVM" [_thread_blocked, id=21867, stack(0x00007fa89c900000,0x00007fa89ca00000)]

Other Threads:
  0x00007fa8980cd130 VMThread "VM Thread" [stack: 0x00007fa87943d000,0x00007fa87953d000] [id=21873]
  0x00007fa8981b45f0 WatcherThread "VM Periodic Task Thread" [stack: 0x00007fa8783ab000,0x00007fa8784ab000] [id=21891]
  0x00007fa898044570 WorkerThread "GC Thread#0" [stack: 0x00007fa89c1d5000,0x00007fa89c2d5000] [id=21868]
  0x00007fa89804f6b0 ConcurrentGCThread "G1 Main Marker" [stack: 0x00007fa89c0d3000,0x00007fa89c1d3000] [id=21869]
  0x00007fa8980505d0 WorkerThread "G1 Conc#0" [stack: 0x00007fa879c18000,0x00007fa879d18000] [id=21870]
  0x00007fa8980a3f20 ConcurrentGCThread "G1 Refine#0" [stack: 0x00007fa879712000,0x00007fa879812000] [id=21871]
  0x00007fa8980a4e60 ConcurrentGCThread "G1 Service" [stack: 0x00007fa879610000,0x00007fa879710000] [id=21872]

Threads with active compile tasks:

VM state: not at safepoint (normal execution)

VM Mutex/Monitor currently owned by a thread: None

Heap address: 0x00000006c9000000, size: 4976 MB, Compressed Oops mode: Zero based, Oop shift amount: 3

CDS archive(s) mapped at: [0x0000000800000000-0x0000000800c73000-0x0000000800c73000), size 13053952, SharedBaseAddress: 0x0000000800000000, ArchiveRelocationMode: 0.
Compressed class space mapped at: 0x0000000801000000-0x0000000841000000, reserved size: 1073741824
Narrow klass base: 0x0000000800000000, Narrow klass shift: 0, Narrow klass range: 0x100000000

GC Precious Log:
 CardTable entry size: 512
 Card Set container configuration: InlinePtr #cards 4 size 8 Array Of Cards #cards 32 size 80 Howl #buckets 8 coarsen threshold 7372 Howl Bitmap #cards 1024 size 144 coarsen threshold 921 Card regions per heap region 1 cards per card region 8192
 CPUs: 4 total, 4 available
 Memory: 19890M
 Large Page Support: Disabled
 NUMA Support: Disabled
 Compressed Oops: Enabled (Zero based)
 Heap Region Size: 4M
 Heap Min Capacity: 8M
 Heap Initial Capacity: 312M
 Heap Max Capacity: 4976M
 Pre-touch: Disabled
 Parallel Workers: 4
 Concurrent Workers: 1
 Concurrent Refinement Workers: 4
 Periodic GC: Disabled

Heap:
 garbage-first heap   total 327680K, used 4076K [0x00000006c9000000, 0x0000000800000000)
  region size 4096K, 1 young (4096K), 0 survivors (0K)
 Metaspace       used 745K, committed 896K, reserved 1114112K
  class space    used 70K, committed 128K, reserved 1048576K

Heap Regions: E=young(eden), S=young(survivor), O=old, HS=humongous(starts), HC=humongous(continues), CS=collection set, F=free, OA=open archive, CA=closed archive, TAMS=top-at-mark-start, PB=parsable bottom
|   0|0x00000006c9000000, 0x00000006c9000000, 0x00000006c9400000|  0%| F|  |TAMS 0x00000006c9000000| PB 0x00000006c9000000| Untracked 
|   1|0x00000006c9400000, 0x00000006c9400000, 0x00000006c9800000|  0%| F|  |TAMS 0x00000006c9400000| PB 0x00000006c9400000| Untracked 
|   2|0x00000006c9800000, 0x00000006c9800000, 0x00000006c9c00000|  0%| F|  |TAMS 0x00000006c9800000| PB 0x00000006c9800000| Untracked 
|   3|0x00000006c9c00000, 0x00000006c9c00000, 0x00000006ca000000|  0%| F|  |TAMS 0x00000006c9c00000| PB 0x00000006c9c00000| Untracked 
|   4|0x00000006ca000000, 0x00000006ca000000, 0x00000006ca400000|  0%| F|  |TAMS 0x00000006ca000000| PB 0x00000006ca000000| Untracked 
|   5|0x00000006ca400000, 0x00000006ca400000, 0x00000006ca800000|  0%| F|  |TAMS 0x00000006ca400000| PB 0x00000006ca400000| Untracked 
|   6|0x00000006ca800000, 0x00000006ca800000, 0x00000006cac00000|  0%| F|  |TAMS 0x00000006ca800000| PB 0x00000006ca800000| Untracked 
|   7|0x00000006cac00000, 0x00000006cac00000, 0x00000006cb000000|  0%| F|  |TAMS 0x00000006cac00000| PB 0x00000006cac00000| Untracked 
|   8|0x00000006cb000000, 0x00000006cb000000, 0x00000006cb400000|  0%| F|  |TAMS 0x00000006cb000000| PB 0x00000006cb000000| Untracked 
|   9|0x00000006cb400000, 0x00000006cb400000, 0x00000006cb800000|  0%| F|  |TAMS 0x00000006cb400000| PB 0x00000006cb400000| Untracked 
|  10|0x00000006cb800000, 0x00000006cb800000, 0x00000006cbc00000|  0%| F|  |TAMS 0x00000006cb800000| PB 0x00000006cb800000| Untracked 
|  11|0x00000006cbc00000, 0x00000006cbc00000, 0x00000006cc000000|  0%| F|  |TAMS 0x00000006cbc00000| PB 0x00000006cbc00000| Untracked 
|  12|0x00000006cc000000, 0x00000006cc000000, 0x00000006cc400000|  0%| F|  |TAMS 0x00000006cc000000| PB 0x00000006cc000000| Untracked 
|  13|0x00000006cc400000, 0x00000006cc400000, 0x00000006cc800000|  0%| F|  |TAMS 0x00000006cc400000| PB 0x00000006cc400000| Untracked 
|  14|0x00000006cc800000, 0x00000006cc800000, 0x00000006ccc00000|  0%| F|  |TAMS 0x00000006cc800000| PB 0x00000006cc800000| Untracked 
|  15|0x00000006ccc00000, 0x00000006ccc00000, 0x00000006cd000000|  0%| F|  |TAMS 0x00000006ccc00000| PB 0x00000006ccc00000| Untracked 
|  16|0x00000006cd000000, 0x00000006cd000000, 0x00000006cd400000|  0%| F|  |TAMS 0x00000006cd000000| PB 0x00000006cd000000| Untracked 
|  17|0x00000006cd400000, 0x00000006cd400000, 0x00000006cd800000|  0%| F|  |TAMS 0x00000006cd400000| PB 0x00000006cd400000| Untracked 
|  18|0x00000006cd800000, 0x00000006cd800000, 0x00000006cdc00000|  0%| F|  |TAMS 0x00000006cd800000| PB 0x00000006cd800000| Untracked 
|  19|0x00000006cdc00000, 0x00000006cdc00000, 0x00000006ce000000|  0%| F|  |TAMS 0x00000006cdc00000| PB 0x00000006cdc00000| Untracked 
|  20|0x00000006ce000000, 0x00000006ce000000, 0x00000006ce400000|  0%| F|  |TAMS 0x00000006ce000000| PB 0x00000006ce000000| Untracked 
|  21|0x00000006ce400000, 0x00000006ce400000, 0x00000006ce800000|  0%| F|  |TAMS 0x00000006ce400000| PB 0x00000006ce400000| Untracked 
|  22|0x00000006ce800000, 0x00000006ce800000, 0x00000006cec00000|  0%| F|  |TAMS 0x00000006ce800000| PB 0x00000006ce800000| Untracked 
|  23|0x00000006cec00000, 0x00000006cec00000, 0x00000006cf000000|  0%| F|  |TAMS 0x00000006cec00000| PB 0x00000006cec00000| Untracked 
|  24|0x00000006cf000000, 0x00000006cf000000, 0x00000006cf400000|  0%| F|  |TAMS 0x00000006cf000000| PB 0x00000006cf000000| Untracked 
|  25|0x00000006cf400000, 0x00000006cf400000, 0x00000006cf800000|  0%| F|  |TAMS 0x00000006cf400000| PB 0x00000006cf400000| Untracked 
|  26|0x00000006cf800000, 0x00000006cf800000, 0x00000006cfc00000|  0%| F|  |TAMS 0x00000006cf800000| PB 0x00000006cf800000| Untracked 
|  27|0x00000006cfc00000, 0x00000006cfc00000, 0x00000006d0000000|  0%| F|  |TAMS 0x00000006cfc00000| PB 0x00000006cfc00000| Untracked 
|  28|0x00000006d0000000, 0x00000006d0000000, 0x00000006d0400000|  0%| F|  |TAMS 0x00000006d0000000| PB 0x00000006d0000000| Untracked 
|  29|0x00000006d0400000, 0x00000006d0400000, 0x00000006d0800000|  0%| F|  |TAMS 0x00000006d0400000| PB 0x00000006d0400000| Untracked 
|  30|0x00000006d0800000, 0x00000006d0800000, 0x00000006d0c00000|  0%| F|  |TAMS 0x00000006d0800000| PB 0x00000006d0800000| Untracked 
|  31|0x00000006d0c00000, 0x00000006d0c00000, 0x00000006d1000000|  0%| F|  |TAMS 0x00000006d0c00000| PB 0x00000006d0c00000| Untracked 
|  32|0x00000006d1000000, 0x00000006d1000000, 0x00000006d1400000|  0%| F|  |TAMS 0x00000006d1000000| PB 0x00000006d1000000| Untracked 
|  33|0x00000006d1400000, 0x00000006d1400000, 0x00000006d1800000|  0%| F|  |TAMS 0x00000006d1400000| PB 0x00000006d1400000| Untracked 
|  34|0x00000006d1800000, 0x00000006d1800000, 0x00000006d1c00000|  0%| F|  |TAMS 0x00000006d1800000| PB 0x00000006d1800000| Untracked 
|  35|0x00000006d1c00000, 0x00000006d1c00000, 0x00000006d2000000|  0%| F|  |TAMS 0x00000006d1c00000| PB 0x00000006d1c00000| Untracked 
|  36|0x00000006d2000000, 0x00000006d2000000, 0x00000006d2400000|  0%| F|  |TAMS 0x00000006d2000000| PB 0x00000006d2000000| Untracked 
|  37|0x00000006d2400000, 0x00000006d2400000, 0x00000006d2800000|  0%| F|  |TAMS 0x00000006d2400000| PB 0x00000006d2400000| Untracked 
|  38|0x00000006d2800000, 0x00000006d2800000, 0x00000006d2c00000|  0%| F|  |TAMS 0x00000006d2800000| PB 0x00000006d2800000| Untracked 
|  39|0x00000006d2c00000, 0x00000006d2c00000, 0x00000006d3000000|  0%| F|  |TAMS 0x00000006d2c00000| PB 0x00000006d2c00000| Untracked 
|  40|0x00000006d3000000, 0x00000006d3000000, 0x00000006d3400000|  0%| F|  |TAMS 0x00000006d3000000| PB 0x00000006d3000000| Untracked 
|  41|0x00000006d3400000, 0x00000006d3400000, 0x00000006d3800000|  0%| F|  |TAMS 0x00000006d3400000| PB 0x00000006d3400000| Untracked 
|  42|0x00000006d3800000, 0x00000006d3800000, 0x00000006d3c00000|  0%| F|  |TAMS 0x00000006d3800000| PB 0x00000006d3800000| Untracked 
|  43|0x00000006d3c00000, 0x00000006d3c00000, 0x00000006d4000000|  0%| F|  |TAMS 0x00000006d3c00000| PB 0x00000006d3c00000| Untracked 
|  44|0x00000006d4000000, 0x00000006d4000000, 0x00000006d4400000|  0%| F|  |TAMS 0x00000006d4000000| PB 0x00000006d4000000| Untracked 
|  45|0x00000006d4400000, 0x00000006d4400000, 0x00000006d4800000|  0%| F|  |TAMS 0x00000006d4400000| PB 0x00000006d4400000| Untracked 
|  46|0x00000006d4800000, 0x00000006d4800000, 0x00000006d4c00000|  0%| F|  |TAMS 0x00000006d4800000| PB 0x00000006d4800000| Untracked 
|  47|0x00000006d4c00000, 0x00000006d4c00000, 0x00000006d5000000|  0%| F|  |TAMS 0x00000006d4c00000| PB 0x00000006d4c00000| Untracked 
|  48|0x00000006d5000000, 0x00000006d5000000, 0x00000006d5400000|  0%| F|  |TAMS 0x00000006d5000000| PB 0x00000006d5000000| Untracked 
|  49|0x00000006d5400000, 0x00000006d5400000, 0x00000006d5800000|  0%| F|  |TAMS 0x00000006d5400000| PB 0x00000006d5400000| Untracked 
|  50|0x00000006d5800000, 0x00000006d5800000, 0x00000006d5c00000|  0%| F|  |TAMS 0x00000006d5800000| PB 0x00000006d5800000| Untracked 
|  51|0x00000006d5c00000, 0x00000006d5c00000, 0x00000006d6000000|  0%| F|  |TAMS 0x00000006d5c00000| PB 0x00000006d5c00000| Untracked 
|  52|0x00000006d6000000, 0x00000006d6000000, 0x00000006d6400000|  0%| F|  |TAMS 0x00000006d6000000| PB 0x00000006d6000000| Untracked 
|  53|0x00000006d6400000, 0x00000006d6400000, 0x00000006d6800000|  0%| F|  |TAMS 0x00000006d6400000| PB 0x00000006d6400000| Untracked 
|  54|0x00000006d6800000, 0x00000006d6800000, 0x00000006d6c00000|  0%| F|  |TAMS 0x00000006d6800000| PB 0x00000006d6800000| Untracked 
|  55|0x00000006d6c00000, 0x00000006d6c00000, 0x00000006d7000000|  0%| F|  |TAMS 0x00000006d6c00000| PB 0x00000006d6c00000| Untracked 
|  56|0x00000006d7000000, 0x00000006d7000000, 0x00000006d7400000|  0%| F|  |TAMS 0x00000006d7000000| PB 0x00000006d7000000| Untracked 
|  57|0x00000006d7400000, 0x00000006d7400000, 0x00000006d7800000|  0%| F|  |TAMS 0x00000006d7400000| PB 0x00000006d7400000| Untracked 
|  58|0x00000006d7800000, 0x00000006d7800000, 0x00000006d7c00000|  0%| F|  |TAMS 0x00000006d7800000| PB 0x00000006d7800000| Untracked 
|  59|0x00000006d7c00000, 0x00000006d7c00000, 0x00000006d8000000|  0%| F|  |TAMS 0x00000006d7c00000| PB 0x00000006d7c00000| Untracked 
|  60|0x00000006d8000000, 0x00000006d8000000, 0x00000006d8400000|  0%| F|  |TAMS 0x00000006d8000000| PB 0x00000006d8000000| Untracked 
|  61|0x00000006d8400000, 0x00000006d8400000, 0x00000006d8800000|  0%| F|  |TAMS 0x00000006d8400000| PB 0x00000006d8400000| Untracked 
|  62|0x00000006d8800000, 0x00000006d8800000, 0x00000006d8c00000|  0%| F|  |TAMS 0x00000006d8800000| PB 0x00000006d8800000| Untracked 
|  63|0x00000006d8c00000, 0x00000006d8c00000, 0x00000006d9000000|  0%| F|  |TAMS 0x00000006d8c00000| PB 0x00000006d8c00000| Untracked 
|  64|0x00000006d9000000, 0x00000006d9000000, 0x00000006d9400000|  0%| F|  |TAMS 0x00000006d9000000| PB 0x00000006d9000000| Untracked 
|  65|0x00000006d9400000, 0x00000006d9400000, 0x00000006d9800000|  0%| F|  |TAMS 0x00000006d9400000| PB 0x00000006d9400000| Untracked 
|  66|0x00000006d9800000, 0x00000006d9800000, 0x00000006d9c00000|  0%| F|  |TAMS 0x00000006d9800000| PB 0x00000006d9800000| Untracked 
|  67|0x00000006d9c00000, 0x00000006d9c00000, 0x00000006da000000|  0%| F|  |TAMS 0x00000006d9c00000| PB 0x00000006d9c00000| Untracked 
|  68|0x00000006da000000, 0x00000006da000000, 0x00000006da400000|  0%| F|  |TAMS 0x00000006da000000| PB 0x00000006da000000| Untracked 
|  69|0x00000006da400000, 0x00000006da400000, 0x00000006da800000|  0%| F|  |TAMS 0x00000006da400000| PB 0x00000006da400000| Untracked 
|  70|0x00000006da800000, 0x00000006da800000, 0x00000006dac00000|  0%| F|  |TAMS 0x00000006da800000| PB 0x00000006da800000| Untracked 
|  71|0x00000006dac00000, 0x00000006dac00000, 0x00000006db000000|  0%| F|  |TAMS 0x00000006dac00000| PB 0x00000006dac00000| Untracked 
|  72|0x00000006db000000, 0x00000006db000000, 0x00000006db400000|  0%| F|  |TAMS 0x00000006db000000| PB 0x00000006db000000| Untracked 
|  73|0x00000006db400000, 0x00000006db400000, 0x00000006db800000|  0%| F|  |TAMS 0x00000006db400000| PB 0x00000006db400000| Untracked 
|  74|0x00000006db800000, 0x00000006db800000, 0x00000006dbc00000|  0%| F|  |TAMS 0x00000006db800000| PB 0x00000006db800000| Untracked 
|  75|0x00000006dbc00000, 0x00000006dbc00000, 0x00000006dc000000|  0%| F|  |TAMS 0x00000006dbc00000| PB 0x00000006dbc00000| Untracked 
|  76|0x00000006dc000000, 0x00000006dc000000, 0x00000006dc400000|  0%| F|  |TAMS 0x00000006dc000000| PB 0x00000006dc000000| Untracked 
|  77|0x00000006dc400000, 0x00000006dc666d60, 0x00000006dc800000| 60%| E|  |TAMS 0x00000006dc400000| PB 0x00000006dc400000| Complete 
|1242|0x00000007ff800000, 0x00000007ffb79000, 0x00000007ffc00000| 86%|OA|  |TAMS 0x00000007ff800000| PB 0x00000007ff800000| Untracked 
|1243|0x00000007ffc00000, 0x00000007ffc82000, 0x0000000800000000| 12%|CA|  |TAMS 0x00000007ffc00000| PB 0x00000007ffc00000| Untracked 

Card table byte_map: [0x00007fa87f490000,0x00007fa87fe48000] _byte_map_base: 0x00007fa87be48000

Marking Bits: (CMBitMap*) 0x00007fa898045000
 Bits: [0x00007fa879d18000, 0x00007fa87ead8000)

Polling page: 0x00007fa89e4e2000

Metaspace:

Usage:
  Non-class:    675,16 KB used.
      Class:     70,42 KB used.
       Both:    745,59 KB used.

Virtual space:
  Non-class space:       64,00 MB reserved,     768,00 KB (  1%) committed,  1 nodes.
      Class space:        1,00 GB reserved,     128,00 KB ( <1%) committed,  1 nodes.
             Both:        1,06 GB reserved,     896,00 KB ( <1%) committed. 

Chunk freelists:
   Non-Class:  3,97 MB
       Class:  3,74 MB
        Both:  7,71 MB

MaxMetaspaceSize: unlimited
CompressedClassSpaceSize: 1,00 GB
Initial GC threshold: 21,00 MB
Current GC threshold: 21,00 MB
CDS: on
MetaspaceReclaimPolicy: balanced
 - commit_granule_bytes: 65536.
 - commit_granule_words: 8192.
 - virtual_space_node_default_size: 8388608.
 - enlarge_chunks_in_place: 1.
 - new_chunks_are_fully_committed: 0.
 - uncommit_free_chunks: 1.
 - use_allocation_guard: 0.


Internal statistics:

num_allocs_failed_limit: 0.
num_arena_births: 14.
num_arena_deaths: 0.
num_vsnodes_births: 2.
num_vsnodes_deaths: 0.
num_space_committed: 14.
num_space_uncommitted: 0.
num_chunks_returned_to_freelist: 0.
num_chunks_taken_from_freelist: 18.
num_chunk_merges: 0.
num_chunk_splits: 10.
num_chunks_enlarged: 8.
num_inconsistent_stats: 0.

CodeHeap 'non-profiled nmethods': size=120032Kb used=58Kb max_used=58Kb free=119973Kb
 bounds [0x00007fa8882c8000, 0x00007fa888538000, 0x00007fa88f800000]
CodeHeap 'profiled nmethods': size=120028Kb used=211Kb max_used=211Kb free=119816Kb
 bounds [0x00007fa880800000, 0x00007fa880a70000, 0x00007fa887d37000]
CodeHeap 'non-nmethods': size=5700Kb used=1375Kb max_used=1391Kb free=4324Kb
 bounds [0x00007fa887d37000, 0x00007fa887fa7000, 0x00007fa8882c8000]
 total_blobs=571 nmethods=183 adapters=300
 compilation: enabled
              stopped_count=0, restarted_count=0
 full_count=0

Compilation events (20 events):
Event: 0,272 Thread 0x00007fa8980e2890  174       3       java.lang.System::getSecurityManager (12 bytes)
Event: 0,273 Thread 0x00007fa8980e2890 nmethod 174 0x00007fa880831a10 code [0x00007fa880831ba0, 0x00007fa880831d08]
Event: 0,274 Thread 0x00007fa8980e2890  175       3       sun.nio.fs.UnixPath::checkNotNul (16 bytes)
Event: 0,274 Thread 0x00007fa8980e2890 nmethod 175 0x00007fa880831d90 code [0x00007fa880831f40, 0x00007fa880832100]
Event: 0,274 Thread 0x00007fa8980e2890  176       3       java.lang.String::isEmpty (14 bytes)
Event: 0,274 Thread 0x00007fa8980e2890 nmethod 176 0x00007fa880832210 code [0x00007fa8808323a0, 0x00007fa880832510]
Event: 0,275 Thread 0x00007fa8980e2890  177       3       java.lang.StringBuilder::length (5 bytes)
Event: 0,275 Thread 0x00007fa8980e2890 nmethod 177 0x00007fa880832610 code [0x00007fa8808327a0, 0x00007fa8808328c0]
Event: 0,275 Thread 0x00007fa8980e2890  178       3       java.lang.Class::getPackageName (81 bytes)
Event: 0,275 Thread 0x00007fa8980e2890 nmethod 178 0x00007fa880832990 code [0x00007fa880832c20, 0x00007fa8808336f8]
Event: 0,275 Thread 0x00007fa8980e2890  179       3       jdk.internal.util.Preconditions::checkFromToIndex (24 bytes)
Event: 0,276 Thread 0x00007fa8980e2890 nmethod 179 0x00007fa880833b10 code [0x00007fa880833cc0, 0x00007fa880833ec8]
Event: 0,276 Thread 0x00007fa8980e2890  180       3       java.lang.String::checkBoundsBeginEnd (11 bytes)
Event: 0,276 Thread 0x00007fa8980e2890 nmethod 180 0x00007fa880833f90 code [0x00007fa880834140, 0x00007fa8808343a8]
Event: 0,277 Thread 0x00007fa8980e2890  183       3       java.lang.AbstractStringBuilder::append (45 bytes)
Event: 0,278 Thread 0x00007fa8980e2890 nmethod 183 0x00007fa880834510 code [0x00007fa880834720, 0x00007fa880834c70]
Event: 0,278 Thread 0x00007fa8980e2890  181       1       java.util.concurrent.locks.AbstractQueuedSynchronizer::setState (6 bytes)
Event: 0,278 Thread 0x00007fa8980e2890 nmethod 181 0x00007fa8882d6410 code [0x00007fa8882d6580, 0x00007fa8882d6648]
Event: 0,278 Thread 0x00007fa8980e2890  182       1       java.util.concurrent.locks.AbstractOwnableSynchronizer::getExclusiveOwnerThread (5 bytes)
Event: 0,278 Thread 0x00007fa8980e2890 nmethod 182 0x00007fa8882d6710 code [0x00007fa8882d6880, 0x00007fa8882d6948]

GC Heap History (0 events):
No events

Dll operation events (4 events):
Event: 0,001 Loaded shared library /usr/lib/jvm/java-20-openjdk/lib/libjava.so
Event: 0,011 Loaded shared library /usr/lib/jvm/java-20-openjdk/lib/libjsvml.so
Event: 0,022 Loaded shared library /usr/lib/jvm/java-20-openjdk/lib/libnio.so
Event: 0,043 Loaded shared library /usr/lib/jvm/java-20-openjdk/lib/libnet.so

Deoptimization events (0 events):
No events

Classes loaded (20 events):
Event: 0,076 Loading class jdk/internal/vm/VMSupport
Event: 0,076 Loading class jdk/internal/vm/VMSupport done
Event: 0,269 Loading class jdk/internal/vm/PostVMInitHook
Event: 0,269 Loading class jdk/internal/vm/PostVMInitHook done
Event: 0,270 Loading class jdk/internal/module/ModuleReferences$ExplodedModuleReader
Event: 0,270 Loading class jdk/internal/module/ModuleReferences$ExplodedModuleReader done
Event: 0,270 Loading class jdk/internal/module/ModulePatcher$PatchedModuleReader
Event: 0,270 Loading class jdk/internal/module/ModulePatcher$PatchedModuleReader done
Event: 0,274 Loading class java/util/LinkedList
Event: 0,274 Loading class java/util/AbstractSequentialList
Event: 0,274 Loading class java/util/AbstractSequentialList done
Event: 0,274 Loading class java/util/LinkedList done
Event: 0,275 Loading class java/util/LinkedList$Node
Event: 0,275 Loading class java/util/LinkedList$Node done
Event: 0,276 Loading class java/lang/Throwable$WrappedPrintStream
Event: 0,276 Loading class java/lang/Throwable$PrintStreamOrWriter
Event: 0,276 Loading class java/lang/Throwable$PrintStreamOrWriter done
Event: 0,276 Loading class java/lang/Throwable$WrappedPrintStream done
Event: 0,276 Loading class java/lang/StackTraceElement$HashedModules
Event: 0,276 Loading class java/lang/StackTraceElement$HashedModules done

Classes unloaded (0 events):
No events

Classes redefined (0 events):
No events

Internal exceptions (3 events):
Event: 0,055 Thread 0x00007fa898019080 Exception <a 'java/lang/NoSuchMethodError'{0x00000006dc4da040}: 'void java.lang.invoke.DirectMethodHandle$Holder.invokeVirtual(java.lang.Object, java.lang.Object)'> (0x00000006dc4da040) 
thrown [/usr/src/debug/java-openjdk/jdk20u-jdk-20.0.1-9/src/hotspot/share/interpreter/linkResolver.cpp, line 772]
Event: 0,057 Thread 0x00007fa898019080 Exception <a 'java/lang/NoSuchMethodError'{0x00000006dc4e6028}: 'java.lang.Object java.lang.invoke.DirectMethodHandle$Holder.invokeInterface(java.lang.Object, java.lang.Object, java.lang.Object)'> (0x00000006dc4e6028) 
thrown [/usr/src/debug/java-openjdk/jdk20u-jdk-20.0.1-9/src/hotspot/share/interpreter/linkResolver.cpp, line 772]
Event: 0,275 Thread 0x00007fa898019080 Exception <a 'java/lang/NullPointerException'{0x00000006dc5f3d98}> (0x00000006dc5f3d98) 
thrown [/usr/src/debug/java-openjdk/jdk20u-jdk-20.0.1-9/src/hotspot/share/interpreter/linkResolver.cpp, line 1373]

VM Operations (2 events):
Event: 0,067 Executing VM operation: HandshakeAllThreads
Event: 0,067 Executing VM operation: HandshakeAllThreads done

Events (20 events):
Event: 0,017 Protecting memory [0x00007fa878d00000,0x00007fa878d04000] with protection modes 0
Event: 0,018 Thread 0x00007fa8980df8d0 Thread added: 0x00007fa8980df8d0
Event: 0,018 Protecting memory [0x00007fa878c00000,0x00007fa878c04000] with protection modes 0
Event: 0,018 Thread 0x00007fa8980e12f0 Thread added: 0x00007fa8980e12f0
Event: 0,018 Protecting memory [0x00007fa878b00000,0x00007fa878b04000] with protection modes 0
Event: 0,018 Thread 0x00007fa8980e2890 Thread added: 0x00007fa8980e2890
Event: 0,018 Protecting memory [0x00007fa878a00000,0x00007fa878a04000] with protection modes 0
Event: 0,036 Thread 0x00007fa8981273a0 Thread added: 0x00007fa8981273a0
Event: 0,036 Protecting memory [0x00007fa878900000,0x00007fa878904000] with protection modes 0
Event: 0,082 Thread 0x00007fa8981b0b00 Thread added: 0x00007fa8981b0b00
Event: 0,082 Protecting memory [0x00007fa8787ab000,0x00007fa8787af000] with protection modes 0
Event: 0,082 Thread 0x00007fa8981b2260 Thread added: 0x00007fa8981b2260
Event: 0,082 Protecting memory [0x00007fa8786ab000,0x00007fa8786af000] with protection modes 0
Event: 0,082 Thread 0x00007fa830001110 Thread added: 0x00007fa830001110
Event: 0,083 Protecting memory [0x00007fa8785ab000,0x00007fa8785af000] with protection modes 0
Event: 0,269 Thread 0x00007fa8981b3290 Thread added: 0x00007fa8981b3290
Event: 0,269 Protecting memory [0x00007fa8784ab000,0x00007fa8784af000] with protection modes 0
Event: 0,278 Thread 0x00007fa898019080 Thread exited: 0x00007fa898019080
Event: 0,278 Protecting memory [0x00007fa89c900000,0x00007fa89c904000] with protection modes 0
Event: 0,278 Thread 0x00007fa898019080 Thread added: 0x00007fa898019080


Dynamic libraries:
6c9000000-6dc800000 rw-p 00000000 00:00 0 
6dc800000-7ff800000 ---p 00000000 00:00 0 
7ff800000-7ffb00000 rw-p 00000000 00:00 0 
7ffb00000-7ffb79000 rw-p 00d32000 08:05 2633460                          /usr/lib/jvm/java-20-openjdk/lib/server/classes.jsa
7ffb79000-7ffc00000 rw-p 00000000 00:00 0 
7ffc00000-7ffc82000 rw-p 00cb0000 08:05 2633460                          /usr/lib/jvm/java-20-openjdk/lib/server/classes.jsa
7ffc82000-800000000 rw-p 00000000 00:00 0 
800000000-800c73000 rw-p 00001000 08:05 2633460                          /usr/lib/jvm/java-20-openjdk/lib/server/classes.jsa
800c73000-801000000 ---p 00000000 00:00 0 
801000000-801010000 rw-p 00000000 00:00 0 
801010000-801040000 ---p 00000000 00:00 0 
801040000-801050000 rw-p 00000000 00:00 0 
801050000-841000000 ---p 00000000 00:00 0 
559b0b035000-559b0b036000 r--p 00000000 08:05 2633404                    /usr/lib/jvm/java-20-openjdk/bin/java
559b0b036000-559b0b037000 r-xp 00001000 08:05 2633404                    /usr/lib/jvm/java-20-openjdk/bin/java
559b0b037000-559b0b038000 r--p 00002000 08:05 2633404                    /usr/lib/jvm/java-20-openjdk/bin/java
559b0b038000-559b0b039000 r--p 00002000 08:05 2633404                    /usr/lib/jvm/java-20-openjdk/bin/java
559b0b039000-559b0b03a000 rw-p 00003000 08:05 2633404                    /usr/lib/jvm/java-20-openjdk/bin/java
559b0c1b6000-559b0c1fd000 rw-p 00000000 00:00 0                          [heap]
7fa820000000-7fa820021000 rw-p 00000000 00:00 0 
7fa820021000-7fa824000000 ---p 00000000 00:00 0 
7fa828000000-7fa828021000 rw-p 00000000 00:00 0 
7fa828021000-7fa82c000000 ---p 00000000 00:00 0 
7fa82c000000-7fa82c021000 rw-p 00000000 00:00 0 
7fa82c021000-7fa830000000 ---p 00000000 00:00 0 
7fa830000000-7fa830021000 rw-p 00000000 00:00 0 
7fa830021000-7fa834000000 ---p 00000000 00:00 0 
7fa834000000-7fa834021000 rw-p 00000000 00:00 0 
7fa834021000-7fa838000000 ---p 00000000 00:00 0 
7fa838000000-7fa83803c000 rw-p 00000000 00:00 0 
7fa83803c000-7fa83c000000 ---p 00000000 00:00 0 
7fa83c000000-7fa83c021000 rw-p 00000000 00:00 0 
7fa83c021000-7fa840000000 ---p 00000000 00:00 0 
7fa840000000-7fa840021000 rw-p 00000000 00:00 0 
7fa840021000-7fa844000000 ---p 00000000 00:00 0 
7fa844000000-7fa844195000 rw-p 00000000 00:00 0 
7fa844195000-7fa848000000 ---p 00000000 00:00 0 
7fa848000000-7fa848021000 rw-p 00000000 00:00 0 
7fa848021000-7fa84c000000 ---p 00000000 00:00 0 
7fa84c000000-7fa84c021000 rw-p 00000000 00:00 0 
7fa84c021000-7fa850000000 ---p 00000000 00:00 0 
7fa850000000-7fa850021000 rw-p 00000000 00:00 0 
7fa850021000-7fa854000000 ---p 00000000 00:00 0 
7fa854000000-7fa854021000 rw-p 00000000 00:00 0 
7fa854021000-7fa858000000 ---p 00000000 00:00 0 
7fa858000000-7fa858021000 rw-p 00000000 00:00 0 
7fa858021000-7fa85c000000 ---p 00000000 00:00 0 
7fa85c000000-7fa85c021000 rw-p 00000000 00:00 0 
7fa85c021000-7fa860000000 ---p 00000000 00:00 0 
7fa860000000-7fa8600b0000 rw-p 00000000 00:00 0 
7fa8600b0000-7fa860400000 ---p 00000000 00:00 0 
7fa860400000-7fa860410000 rw-p 00000000 00:00 0 
7fa860410000-7fa864000000 ---p 00000000 00:00 0 
7fa864000000-7fa864021000 rw-p 00000000 00:00 0 
7fa864021000-7fa868000000 ---p 00000000 00:00 0 
7fa86a000000-7fa86c021000 rw-p 00000000 00:00 0 
7fa86c021000-7fa870000000 ---p 00000000 00:00 0 
7fa870000000-7fa870021000 rw-p 00000000 00:00 0 
7fa870021000-7fa874000000 ---p 00000000 00:00 0 
7fa874000000-7fa874021000 rw-p 00000000 00:00 0 
7fa874021000-7fa878000000 ---p 00000000 00:00 0 
7fa8783a9000-7fa8783aa000 ---p 00000000 00:00 0 
7fa8783aa000-7fa8784ab000 rw-p 00000000 00:00 0 
7fa8784ab000-7fa8784af000 ---p 00000000 00:00 0 
7fa8784af000-7fa8785ab000 rw-p 00000000 00:00 0 
7fa8785ab000-7fa8785af000 ---p 00000000 00:00 0 
7fa8785af000-7fa8786ab000 rw-p 00000000 00:00 0 
7fa8786ab000-7fa8786af000 ---p 00000000 00:00 0 
7fa8786af000-7fa8787ab000 rw-p 00000000 00:00 0 
7fa8787ab000-7fa8787af000 ---p 00000000 00:00 0 
7fa8787af000-7fa8788ab000 rw-p 00000000 00:00 0 
7fa8788ab000-7fa8788b2000 r--p 00000000 08:05 2373493                    /usr/lib/libnss_mymachines.so.2
7fa8788b2000-7fa8788e8000 r-xp 00007000 08:05 2373493                    /usr/lib/libnss_mymachines.so.2
7fa8788e8000-7fa8788fb000 r--p 0003d000 08:05 2373493                    /usr/lib/libnss_mymachines.so.2
7fa8788fb000-7fa8788fe000 r--p 00050000 08:05 2373493                    /usr/lib/libnss_mymachines.so.2
7fa8788fe000-7fa8788ff000 rw-p 00053000 08:05 2373493                    /usr/lib/libnss_mymachines.so.2
7fa8788ff000-7fa878900000 rw-p 00000000 00:00 0 
7fa878900000-7fa878904000 ---p 00000000 00:00 0 
7fa878904000-7fa878a00000 rw-p 00000000 00:00 0 
7fa878a00000-7fa878a04000 ---p 00000000 00:00 0 
7fa878a04000-7fa878b00000 rw-p 00000000 00:00 0 
7fa878b00000-7fa878b04000 ---p 00000000 00:00 0 
7fa878b04000-7fa878c00000 rw-p 00000000 00:00 0 
7fa878c00000-7fa878c04000 ---p 00000000 00:00 0 
7fa878c04000-7fa878d00000 rw-p 00000000 00:00 0 
7fa878d00000-7fa878d04000 ---p 00000000 00:00 0 
7fa878d04000-7fa878e00000 rw-p 00000000 00:00 0 
7fa878e00000-7fa878e04000 ---p 00000000 00:00 0 
7fa878e04000-7fa878f00000 rw-p 00000000 00:00 0 
7fa878f00000-7fa878f04000 ---p 00000000 00:00 0 
7fa878f04000-7fa879000000 rw-p 00000000 00:00 0 
7fa879000000-7fa8792ea000 r--p 00000000 08:05 2398983                    /usr/lib/locale/locale-archive
7fa87933b000-7fa87933f000 ---p 00000000 00:00 0 
7fa87933f000-7fa87943b000 rw-p 00000000 00:00 0 
7fa87943b000-7fa87943c000 ---p 00000000 00:00 0 
7fa87943c000-7fa87953d000 rw-p 00000000 00:00 0 
7fa87953d000-7fa879542000 r--p 00000000 08:05 2633437                    /usr/lib/jvm/java-20-openjdk/lib/libjsvml.so
7fa879542000-7fa879583000 r-xp 00005000 08:05 2633437                    /usr/lib/jvm/java-20-openjdk/lib/libjsvml.so
7fa879583000-7fa87960c000 r--p 00046000 08:05 2633437                    /usr/lib/jvm/java-20-openjdk/lib/libjsvml.so
7fa87960c000-7fa87960d000 r--p 000ce000 08:05 2633437                    /usr/lib/jvm/java-20-openjdk/lib/libjsvml.so
7fa87960d000-7fa87960e000 rw-p 000cf000 08:05 2633437                    /usr/lib/jvm/java-20-openjdk/lib/libjsvml.so
7fa87960e000-7fa87960f000 ---p 00000000 00:00 0 
7fa87960f000-7fa879710000 rw-p 00000000 00:00 0 
7fa879710000-7fa879711000 ---p 00000000 00:00 0 
7fa879711000-7fa879c16000 rw-p 00000000 00:00 0 
7fa879c16000-7fa879c17000 ---p 00000000 00:00 0 
7fa879c17000-7fa87a1f8000 rw-p 00000000 00:00 0 
7fa87a1f8000-7fa87eab8000 ---p 00000000 00:00 0 
7fa87eab8000-7fa87eb74000 rw-p 00000000 00:00 0 
7fa87eb74000-7fa87f48c000 ---p 00000000 00:00 0 
7fa87f48c000-7fa87f52c000 rw-p 00000000 00:00 0 
7fa87f52c000-7fa87fe44000 ---p 00000000 00:00 0 
7fa87fe44000-7fa87fee4000 rw-p 00000000 00:00 0 
7fa87fee4000-7fa8807fc000 ---p 00000000 00:00 0 
7fa8807fc000-7fa880800000 rw-p 00000000 00:00 0 
7fa880800000-7fa880a70000 rwxp 00000000 00:00 0 
7fa880a70000-7fa887d37000 ---p 00000000 00:00 0 
7fa887d37000-7fa887fa7000 rwxp 00000000 00:00 0 
7fa887fa7000-7fa8882c8000 ---p 00000000 00:00 0 
7fa8882c8000-7fa888538000 rwxp 00000000 00:00 0 
7fa888538000-7fa88f800000 ---p 00000000 00:00 0 
7fa88f800000-7fa897f20000 r--s 00000000 08:05 2633451                    /usr/lib/jvm/java-20-openjdk/lib/modules
7fa897f24000-7fa8981de000 rw-p 00000000 00:00 0 
7fa8981de000-7fa89c000000 ---p 00000000 00:00 0 
7fa89c006000-7fa89c00b000 r--p 00000000 08:05 2373491                    /usr/lib/libnss_myhostname.so.2
7fa89c00b000-7fa89c01d000 r-xp 00005000 08:05 2373491                    /usr/lib/libnss_myhostname.so.2
7fa89c01d000-7fa89c029000 r--p 00017000 08:05 2373491                    /usr/lib/libnss_myhostname.so.2
7fa89c029000-7fa89c02e000 r--p 00022000 08:05 2373491                    /usr/lib/libnss_myhostname.so.2
7fa89c02e000-7fa89c02f000 rw-p 00027000 08:05 2373491                    /usr/lib/libnss_myhostname.so.2
7fa89c02f000-7fa89c032000 r--p 00000000 08:05 2373505                    /usr/lib/libnss_resolve.so.2
7fa89c032000-7fa89c04a000 r-xp 00003000 08:05 2373505                    /usr/lib/libnss_resolve.so.2
7fa89c04a000-7fa89c052000 r--p 0001b000 08:05 2373505                    /usr/lib/libnss_resolve.so.2
7fa89c052000-7fa89c053000 r--p 00022000 08:05 2373505                    /usr/lib/libnss_resolve.so.2
7fa89c053000-7fa89c054000 rw-p 00023000 08:05 2373505                    /usr/lib/libnss_resolve.so.2
7fa89c054000-7fa89c095000 rw-p 00000000 00:00 0 
7fa89c09b000-7fa89c09e000 r--p 00000000 08:05 2372260                    /usr/lib/libcap.so.2.68
7fa89c09e000-7fa89c0a3000 r-xp 00003000 08:05 2372260                    /usr/lib/libcap.so.2.68
7fa89c0a3000-7fa89c0a5000 r--p 00008000 08:05 2372260                    /usr/lib/libcap.so.2.68
7fa89c0a5000-7fa89c0a6000 r--p 00009000 08:05 2372260                    /usr/lib/libcap.so.2.68
7fa89c0a6000-7fa89c0a7000 rw-p 0000a000 08:05 2372260                    /usr/lib/libcap.so.2.68
7fa89c0c3000-7fa89c0c6000 r--p 00000000 08:05 2633443                    /usr/lib/jvm/java-20-openjdk/lib/libnet.so
7fa89c0c6000-7fa89c0cd000 r-xp 00003000 08:05 2633443                    /usr/lib/jvm/java-20-openjdk/lib/libnet.so
7fa89c0cd000-7fa89c0cf000 r--p 0000a000 08:05 2633443                    /usr/lib/jvm/java-20-openjdk/lib/libnet.so
7fa89c0cf000-7fa89c0d0000 r--p 0000b000 08:05 2633443                    /usr/lib/jvm/java-20-openjdk/lib/libnet.so
7fa89c0d0000-7fa89c0d1000 rw-p 0000c000 08:05 2633443                    /usr/lib/jvm/java-20-openjdk/lib/libnet.so
7fa89c0d1000-7fa89c0d2000 ---p 00000000 00:00 0 
7fa89c0d2000-7fa89c1d3000 rw-p 00000000 00:00 0 
7fa89c1d3000-7fa89c1d4000 ---p 00000000 00:00 0 
7fa89c1d4000-7fa89c72f000 rw-p 00000000 00:00 0 
7fa89c72f000-7fa89c815000 ---p 00000000 00:00 0 
7fa89c815000-7fa89c81a000 rw-p 00000000 00:00 0 
7fa89c81a000-7fa89c900000 ---p 00000000 00:00 0 
7fa89c900000-7fa89c904000 ---p 00000000 00:00 0 
7fa89c904000-7fa89ca00000 rw-p 00000000 00:00 0 
7fa89ca00000-7fa89ca9c000 r--p 00000000 08:05 2363495                    /usr/lib/libstdc++.so.6.0.31
7fa89ca9c000-7fa89cbd3000 r-xp 0009c000 08:05 2363495                    /usr/lib/libstdc++.so.6.0.31
7fa89cbd3000-7fa89cc69000 r--p 001d3000 08:05 2363495                    /usr/lib/libstdc++.so.6.0.31
7fa89cc69000-7fa89cc76000 r--p 00269000 08:05 2363495                    /usr/lib/libstdc++.so.6.0.31
7fa89cc76000-7fa89cc77000 rw-p 00276000 08:05 2363495                    /usr/lib/libstdc++.so.6.0.31
7fa89cc77000-7fa89cc7b000 rw-p 00000000 00:00 0 
7fa89cc86000-7fa89cc8d000 r--p 00000000 08:05 2633444                    /usr/lib/jvm/java-20-openjdk/lib/libnio.so
7fa89cc8d000-7fa89cc95000 r-xp 00007000 08:05 2633444                    /usr/lib/jvm/java-20-openjdk/lib/libnio.so
7fa89cc95000-7fa89cc99000 r--p 0000f000 08:05 2633444                    /usr/lib/jvm/java-20-openjdk/lib/libnio.so
7fa89cc99000-7fa89cc9a000 r--p 00013000 08:05 2633444                    /usr/lib/jvm/java-20-openjdk/lib/libnio.so
7fa89cc9a000-7fa89cc9b000 rw-p 00014000 08:05 2633444                    /usr/lib/jvm/java-20-openjdk/lib/libnio.so
7fa89cc9b000-7fa89ccc7000 rw-p 00000000 00:00 0 
7fa89ccc7000-7fa89ccce000 ---p 00000000 00:00 0 
7fa89ccce000-7fa89ccd1000 r--p 00000000 08:05 2633433                    /usr/lib/jvm/java-20-openjdk/lib/libjdwp.so
7fa89ccd1000-7fa89cd01000 r-xp 00003000 08:05 2633433                    /usr/lib/jvm/java-20-openjdk/lib/libjdwp.so
7fa89cd01000-7fa89cd10000 r--p 00033000 08:05 2633433                    /usr/lib/jvm/java-20-openjdk/lib/libjdwp.so
7fa89cd10000-7fa89cd11000 r--p 00041000 08:05 2633433                    /usr/lib/jvm/java-20-openjdk/lib/libjdwp.so
7fa89cd11000-7fa89cd12000 rw-p 00042000 08:05 2633433                    /usr/lib/jvm/java-20-openjdk/lib/libjdwp.so
7fa89cd12000-7fa89cd13000 rw-p 00000000 00:00 0 
7fa89cd13000-7fa89cd21000 r--p 00000000 08:05 2362713                    /usr/lib/libm.so.6
7fa89cd21000-7fa89cda0000 r-xp 0000e000 08:05 2362713                    /usr/lib/libm.so.6
7fa89cda0000-7fa89cdfe000 r--p 0008d000 08:05 2362713                    /usr/lib/libm.so.6
7fa89cdfe000-7fa89cdff000 r--p 000ea000 08:05 2362713                    /usr/lib/libm.so.6
7fa89cdff000-7fa89ce00000 rw-p 000eb000 08:05 2362713                    /usr/lib/libm.so.6
7fa89ce00000-7fa89d08d000 r--p 00000000 08:05 2633463                    /usr/lib/jvm/java-20-openjdk/lib/server/libjvm.so
7fa89d08d000-7fa89de70000 r-xp 0028d000 08:05 2633463                    /usr/lib/jvm/java-20-openjdk/lib/server/libjvm.so
7fa89de70000-7fa89e11c000 r--p 01070000 08:05 2633463                    /usr/lib/jvm/java-20-openjdk/lib/server/libjvm.so
7fa89e11c000-7fa89e1e8000 r--p 0131c000 08:05 2633463                    /usr/lib/jvm/java-20-openjdk/lib/server/libjvm.so
7fa89e1e8000-7fa89e21e000 rw-p 013e8000 08:05 2633463                    /usr/lib/jvm/java-20-openjdk/lib/server/libjvm.so
7fa89e21e000-7fa89e27e000 rw-p 00000000 00:00 0 
7fa89e27e000-7fa89e28b000 r--p 00000000 08:05 2633431                    /usr/lib/jvm/java-20-openjdk/lib/libjava.so
7fa89e28b000-7fa89e29c000 r-xp 0000d000 08:05 2633431                    /usr/lib/jvm/java-20-openjdk/lib/libjava.so
7fa89e29c000-7fa89e2a2000 r--p 0001e000 08:05 2633431                    /usr/lib/jvm/java-20-openjdk/lib/libjava.so
7fa89e2a2000-7fa89e2a3000 r--p 00024000 08:05 2633431                    /usr/lib/jvm/java-20-openjdk/lib/libjava.so
7fa89e2a3000-7fa89e2a4000 rw-p 00025000 08:05 2633431                    /usr/lib/jvm/java-20-openjdk/lib/libjava.so
7fa89e2a4000-7fa89e2a5000 rw-p 00000000 00:00 0 
7fa89e2a5000-7fa89e2a9000 r--p 00000000 08:05 2363461                    /usr/lib/libgcc_s.so.1
7fa89e2a9000-7fa89e2c4000 r-xp 00004000 08:05 2363461                    /usr/lib/libgcc_s.so.1
7fa89e2c4000-7fa89e2c8000 r--p 0001f000 08:05 2363461                    /usr/lib/libgcc_s.so.1
7fa89e2c8000-7fa89e2c9000 r--p 00022000 08:05 2363461                    /usr/lib/libgcc_s.so.1
7fa89e2c9000-7fa89e2ca000 rw-p 00023000 08:05 2363461                    /usr/lib/libgcc_s.so.1
7fa89e2ca000-7fa89e2cd000 rw-p 00000000 00:00 0 
7fa89e2cd000-7fa89e2d0000 r--p 00000000 08:05 2366345                    /usr/lib/libz.so.1.2.13
7fa89e2d0000-7fa89e2de000 r-xp 00003000 08:05 2366345                    /usr/lib/libz.so.1.2.13
7fa89e2de000-7fa89e2e5000 r--p 00011000 08:05 2366345                    /usr/lib/libz.so.1.2.13
7fa89e2e5000-7fa89e2e6000 r--p 00017000 08:05 2366345                    /usr/lib/libz.so.1.2.13
7fa89e2e6000-7fa89e2e7000 rw-p 00018000 08:05 2366345                    /usr/lib/libz.so.1.2.13
7fa89e2e7000-7fa89e309000 r--p 00000000 08:05 2362686                    /usr/lib/libc.so.6
7fa89e309000-7fa89e466000 r-xp 00022000 08:05 2362686                    /usr/lib/libc.so.6
7fa89e466000-7fa89e4be000 r--p 0017f000 08:05 2362686                    /usr/lib/libc.so.6
7fa89e4be000-7fa89e4c2000 r--p 001d6000 08:05 2362686                    /usr/lib/libc.so.6
7fa89e4c2000-7fa89e4c4000 rw-p 001da000 08:05 2362686                    /usr/lib/libc.so.6
7fa89e4c4000-7fa89e4d1000 rw-p 00000000 00:00 0 
7fa89e4d2000-7fa89e4d4000 r--p 00000000 08:05 2633423                    /usr/lib/jvm/java-20-openjdk/lib/libdt_socket.so
7fa89e4d4000-7fa89e4d7000 r-xp 00002000 08:05 2633423                    /usr/lib/jvm/java-20-openjdk/lib/libdt_socket.so
7fa89e4d7000-7fa89e4d8000 r--p 00005000 08:05 2633423                    /usr/lib/jvm/java-20-openjdk/lib/libdt_socket.so
7fa89e4d8000-7fa89e4d9000 r--p 00006000 08:05 2633423                    /usr/lib/jvm/java-20-openjdk/lib/libdt_socket.so
7fa89e4d9000-7fa89e4da000 rw-p 00007000 08:05 2633423                    /usr/lib/jvm/java-20-openjdk/lib/libdt_socket.so
7fa89e4da000-7fa89e4e2000 rw-s 00000000 00:23 2291                       /tmp/hsperfdata_tristan/21866
7fa89e4e2000-7fa89e4e3000 ---p 00000000 00:00 0 
7fa89e4e3000-7fa89e4e4000 r--p 00000000 00:00 0 
7fa89e4e4000-7fa89e4e5000 ---p 00000000 00:00 0 
7fa89e4e5000-7fa89e4e7000 r--p 00000000 08:05 2633434                    /usr/lib/jvm/java-20-openjdk/lib/libjimage.so
7fa89e4e7000-7fa89e4ea000 r-xp 00002000 08:05 2633434                    /usr/lib/jvm/java-20-openjdk/lib/libjimage.so
7fa89e4ea000-7fa89e4eb000 r--p 00005000 08:05 2633434                    /usr/lib/jvm/java-20-openjdk/lib/libjimage.so
7fa89e4eb000-7fa89e4ec000 r--p 00006000 08:05 2633434                    /usr/lib/jvm/java-20-openjdk/lib/libjimage.so
7fa89e4ec000-7fa89e4ed000 rw-p 00007000 08:05 2633434                    /usr/lib/jvm/java-20-openjdk/lib/libjimage.so
7fa89e4ed000-7fa89e4ef000 r--p 00000000 08:05 2633435                    /usr/lib/jvm/java-20-openjdk/lib/libjli.so
7fa89e4ef000-7fa89e4f8000 r-xp 00002000 08:05 2633435                    /usr/lib/jvm/java-20-openjdk/lib/libjli.so
7fa89e4f8000-7fa89e4fb000 r--p 0000b000 08:05 2633435                    /usr/lib/jvm/java-20-openjdk/lib/libjli.so
7fa89e4fb000-7fa89e4fc000 r--p 0000d000 08:05 2633435                    /usr/lib/jvm/java-20-openjdk/lib/libjli.so
7fa89e4fc000-7fa89e4fd000 rw-p 0000e000 08:05 2633435                    /usr/lib/jvm/java-20-openjdk/lib/libjli.so
7fa89e4fd000-7fa89e4ff000 rw-p 00000000 00:00 0 
7fa89e4ff000-7fa89e500000 r--p 00000000 08:05 2362667                    /usr/lib/ld-linux-x86-64.so.2
7fa89e500000-7fa89e526000 r-xp 00001000 08:05 2362667                    /usr/lib/ld-linux-x86-64.so.2
7fa89e526000-7fa89e530000 r--p 00027000 08:05 2362667                    /usr/lib/ld-linux-x86-64.so.2
7fa89e530000-7fa89e532000 r--p 00031000 08:05 2362667                    /usr/lib/ld-linux-x86-64.so.2
7fa89e532000-7fa89e534000 rw-p 00033000 08:05 2362667                    /usr/lib/ld-linux-x86-64.so.2
7ffeac9ef000-7ffeaca10000 rw-p 00000000 00:00 0                          [stack]
7ffeacbb1000-7ffeacbb5000 r--p 00000000 00:00 0                          [vvar]
7ffeacbb5000-7ffeacbb7000 r-xp 00000000 00:00 0                          [vdso]
ffffffffff600000-ffffffffff601000 --xp 00000000 00:00 0                  [vsyscall]


VM Arguments:
jvm_args: -agentlib:jdwp=transport=dt_socket,server=n,suspend=y,address=localhost:42167 --enable-preview -XX:+ShowCodeDetailsInExceptionMessages --module-path=/home/tristan/.config/Code - OSS/User/workspaceStorage/f51b15676f5330507229d87801c5e805/redhat.java/jdt_ws/PAKITO_e8fe3ab5/bin -Djdk.module.main=PAKITO 
java_command: PAKITO/PAKITO.Main
java_class_path (initial): <not set>
Launcher Type: SUN_STANDARD

[Global flags]
     intx CICompilerCount                          = 3                                         {product} {ergonomic}
     uint ConcGCThreads                            = 1                                         {product} {ergonomic}
     uint G1ConcRefinementThreads                  = 4                                         {product} {ergonomic}
   size_t G1HeapRegionSize                         = 4194304                                   {product} {ergonomic}
    uintx GCDrainStackTargetSize                   = 64                                        {product} {ergonomic}
   size_t InitialHeapSize                          = 327155712                                 {product} {ergonomic}
   size_t MarkStackSize                            = 4194304                                   {product} {ergonomic}
   size_t MaxHeapSize                              = 5217714176                                {product} {ergonomic}
   size_t MaxNewSize                               = 3128950784                                {product} {ergonomic}
   size_t MinHeapDeltaBytes                        = 4194304                                   {product} {ergonomic}
   size_t MinHeapSize                              = 8388608                                   {product} {ergonomic}
    uintx NonNMethodCodeHeapSize                   = 5832780                                {pd product} {ergonomic}
    uintx NonProfiledCodeHeapSize                  = 122912730                              {pd product} {ergonomic}
    uintx ProfiledCodeHeapSize                     = 122912730                              {pd product} {ergonomic}
    uintx ReservedCodeCacheSize                    = 251658240                              {pd product} {ergonomic}
     bool SegmentedCodeCache                       = true                                      {product} {ergonomic}
     bool ShowCodeDetailsInExceptionMessages       = true                                   {manageable} {command line}
   size_t SoftMaxHeapSize                          = 5217714176                             {manageable} {ergonomic}
     bool UseCompressedClassPointers               = true                           {product lp64_product} {ergonomic}
     bool UseCompressedOops                        = true                           {product lp64_product} {ergonomic}
     bool UseG1GC                                  = true                                      {product} {ergonomic}

Logging:
Log output configuration:
 #0: stdout all=warning uptime,level,tags foldmultilines=false
 #1: stderr all=off uptime,level,tags foldmultilines=false

Environment Variables:
PATH=/home/tristan/.local/bin:/home/tristan/.config/bspwm/scripts:/usr/local/sbin:/usr/local/bin:/usr/bin:/usr/lib/jvm/default/bin:/usr/bin/site_perl:/usr/bin/vendor_perl:/usr/bin/core_perl:/usr/lib/rustup/bin:/var/lib/snapd/snap/bin
SHELL=/usr/bin/zsh
DISPLAY=:0
LANG=fr_FR.UTF-8
TERM=xterm-256color

Active Locale:
LC_ALL=fr_FR.UTF-8
LC_COLLATE=fr_FR.UTF-8
LC_CTYPE=fr_FR.UTF-8
LC_MESSAGES=fr_FR.UTF-8
LC_MONETARY=fr_FR.UTF-8
LC_NUMERIC=fr_FR.UTF-8
LC_TIME=fr_FR.UTF-8

Signal Handlers:
   SIGSEGV: 0x00007fa89ddeeac0 in libjvm.so+16706240, mask=11100100010111111101111111111110, flags=SA_RESTART|SA_SIGINFO, unblocked
    SIGBUS: 0x00007fa89ddeeac0 in libjvm.so+16706240, mask=11100100010111111101111111111110, flags=SA_RESTART|SA_SIGINFO, unblocked
    SIGFPE: 0x00007fa89ddeeac0 in libjvm.so+16706240, mask=11100100010111111101111111111110, flags=SA_RESTART|SA_SIGINFO, unblocked
   SIGPIPE: 0x00007fa89dc57850 in libjvm.so+15038544, mask=11100100010111111101111111111110, flags=SA_RESTART|SA_SIGINFO, blocked
   SIGXFSZ: 0x00007fa89dc57850 in libjvm.so+15038544, mask=11100100010111111101111111111110, flags=SA_RESTART|SA_SIGINFO, blocked
    SIGILL: 0x00007fa89ddeeac0 in libjvm.so+16706240, mask=11100100010111111101111111111110, flags=SA_RESTART|SA_SIGINFO, unblocked
   SIGUSR2: 0x00007fa89dc59040 in libjvm.so+15044672, mask=00000000000000000000000000000000, flags=SA_RESTART|SA_SIGINFO, blocked
    SIGHUP: 0x00007fa89dc56cf0 in libjvm.so+15035632, mask=11100100010111111101111111111110, flags=SA_RESTART|SA_SIGINFO, blocked
    SIGINT: 0x00007fa89dc56cf0 in libjvm.so+15035632, mask=11100100010111111101111111111110, flags=SA_RESTART|SA_SIGINFO, blocked
   SIGTERM: 0x00007fa89dc56cf0 in libjvm.so+15035632, mask=11100100010111111101111111111110, flags=SA_RESTART|SA_SIGINFO, blocked
   SIGQUIT: 0x00007fa89dc56cf0 in libjvm.so+15035632, mask=11100100010111111101111111111110, flags=SA_RESTART|SA_SIGINFO, blocked
   SIGTRAP: 0x00007fa89ddeeac0 in libjvm.so+16706240, mask=11100100010111111101111111111110, flags=SA_RESTART|SA_SIGINFO, unblocked


---------------  S Y S T E M  ---------------

OS:
NAME="Arch Linux"
PRETTY_NAME="Arch Linux"
ID=arch
BUILD_ID=rolling
ANSI_COLOR="38;2;23;147;209"
HOME_URL="https://archlinux.org/"
DOCUMENTATION_URL="https://wiki.archlinux.org/"
SUPPORT_URL="https://bbs.archlinux.org/"
BUG_REPORT_URL="https://bugs.archlinux.org/"
PRIVACY_POLICY_URL="https://terms.archlinux.org/docs/privacy-policy/"
LOGO=archlinux-logo
uname: Linux 6.3.1-arch2-1 #1 SMP PREEMPT_DYNAMIC Wed, 10 May 2023 08:54:47 +0000 x86_64
OS uptime: 1 days 13:51 hours
libc: glibc 2.37 NPTL 2.37 
rlimit (soft/hard): STACK 8192k/infinity , CORE infinity/infinity , NPROC 79471/79471 , NOFILE 524288/524288 , AS infinity/infinity , CPU infinity/infinity , DATA infinity/infinity , FSIZE infinity/infinity , MEMLOCK 8192k/8192k
load average: 0,99 1,23 1,50

/proc/meminfo:
MemTotal:       20367644 kB
MemFree:        13930296 kB
MemAvailable:   15736340 kB
Buffers:          190900 kB
Cached:          2603832 kB
SwapCached:            0 kB
Active:          3573808 kB
Inactive:        1914160 kB
Active(anon):    2604332 kB
Inactive(anon):   838328 kB
Active(file):     969476 kB
Inactive(file):  1075832 kB
Unevictable:      580120 kB
Mlocked:               0 kB
SwapTotal:       4194300 kB
SwapFree:        4194300 kB
Zswap:                 0 kB
Zswapped:              0 kB
Dirty:               284 kB
Writeback:             0 kB
AnonPages:       3219576 kB
Mapped:           858688 kB
Shmem:            749204 kB
KReclaimable:      88392 kB
Slab:             186656 kB
SReclaimable:      88392 kB
SUnreclaim:        98264 kB
KernelStack:       13552 kB
PageTables:        45808 kB
SecPageTables:         0 kB
NFS_Unstable:          0 kB
Bounce:                0 kB
WritebackTmp:          0 kB
CommitLimit:    14378120 kB
Committed_AS:   12944768 kB
VmallocTotal:   34359738367 kB
VmallocUsed:       54116 kB
VmallocChunk:          0 kB
Percpu:             2176 kB
HardwareCorrupted:     0 kB
AnonHugePages:   1064960 kB
ShmemHugePages:        0 kB
ShmemPmdMapped:        0 kB
FileHugePages:    120832 kB
FilePmdMapped:    102400 kB
CmaTotal:              0 kB
CmaFree:               0 kB
HugePages_Total:       0
HugePages_Free:        0
HugePages_Rsvd:        0
HugePages_Surp:        0
Hugepagesize:       2048 kB
Hugetlb:               0 kB
DirectMap4k:      268768 kB
DirectMap2M:    10098688 kB
DirectMap1G:    10485760 kB

/sys/kernel/mm/transparent_hugepage/enabled: [always] madvise never
/sys/kernel/mm/transparent_hugepage/defrag (defrag/compaction efforts parameter): always defer defer+madvise [madvise] never

Process Memory:
Virtual Size: 8127956K (peak: 8193492K)
Resident Set Size: 53588K (peak: 53588K) (anon: 21644K, file: 31944K, shmem: 0K)
Swapped out: 0K
C-Heap outstanding allocations: 13447K, retained: 2529K
glibc malloc tunables: (default)

/proc/sys/kernel/threads-max (system-wide limit on the number of threads): 158942
/proc/sys/vm/max_map_count (maximum number of memory map areas a process may have): 65530
/proc/sys/kernel/pid_max (system-wide limit on number of process identifiers): 4194304

container (cgroup) information:
container_type: cgroupv2
cpu_cpuset_cpus: not supported
cpu_memory_nodes: not supported
active_processor_count: 4
cpu_quota: no quota
cpu_period: 100000
cpu_shares: no shares
memory_limit_in_bytes: unlimited
memory_and_swap_limit_in_bytes: unlimited
memory_soft_limit_in_bytes: unlimited
memory_usage_in_bytes: 5283492 k
memory_max_usage_in_bytes: not supported
memory_swap_current_in_bytes: unlimited
memory_swap_max_limit_in_bytes: unlimited
maximum number of tasks: unlimited
current number of tasks: 654

Steal ticks since vm start: 0
Steal ticks percentage since vm start:  0,000

CPU: total 4 (initial active 4) (4 cores per cpu, 1 threads per core) family 6 model 158 stepping 9 microcode 0xca, cx8, cmov, fxsr, mmx, 3dnowpref, sse, sse2, sse3, ssse3, sse4.1, sse4.2, popcnt, lzcnt, tsc, tscinvbit, avx, avx2, aes, erms, clmul, bmi1, bmi2, adx, fma, vzeroupper, clflush, clflushopt, rdtscp, f16c
CPU Model and flags from /proc/cpuinfo:
model name	: Intel(R) Core(TM) i5-7300HQ CPU @ 2.50GHz
flags		: fpu vme de pse tsc msr pae mce cx8 apic sep mtrr pge mca cmov pat pse36 clflush dts acpi mmx fxsr sse sse2 ss ht tm pbe syscall nx pdpe1gb rdtscp lm constant_tsc art arch_perfmon pebs bts rep_good nopl xtopology nonstop_tsc cpuid aperfmperf pni pclmulqdq dtes64 monitor ds_cpl vmx est tm2 ssse3 sdbg fma cx16 xtpr pdcm pcid sse4_1 sse4_2 x2apic movbe popcnt tsc_deadline_timer aes xsave avx f16c rdrand lahf_lm abm 3dnowprefetch cpuid_fault epb invpcid_single pti ssbd ibrs ibpb stibp tpr_shadow vnmi flexpriority ept vpid ept_ad fsgsbase tsc_adjust bmi1 avx2 smep bmi2 erms invpcid mpx rdseed adx smap clflushopt intel_pt xsaveopt xsavec xgetbv1 xsaves dtherm ida arat pln pts hwp hwp_notify hwp_act_window hwp_epp md_clear flush_l1d

Online cpus: 0-3
Offline cpus: 
BIOS frequency limitation: <Not Available>
Frequency switch latency (ns): 0
Available cpu frequencies: <Not Available>
Current governor: powersave
Core performance/turbo boost: <Not Available>

Memory: 4k page, physical 20367644k(13930296k free), swap 4194300k(4194300k free)
Page Sizes: 4k

vm_info: OpenJDK 64-Bit Server VM (20.0.1+9) for linux-amd64 JRE (20.0.1+9), built on 2023-04-24T21:38:59Z by "builduser" with gcc 12.2.1 20230201

END.
